INFO  09:43:18 Application started. Press Ctrl+C to shut down.
INFO  09:43:18 Application started. Press Ctrl+C to shut down.
INFO  09:43:18 Hosting environment: Development
INFO  09:43:18 Hosting environment: Development
INFO  09:43:18 Content root path: C:\Training\MFPE\Claims-Management-System\ClaimManagementSystem-2\ClaimsMicroservice
INFO  09:43:18 Content root path: C:\Training\MFPE\Claims-Management-System\ClaimManagementSystem-2\ClaimsMicroservice
INFO  09:43:59 GetClaimStatus Method Called
INFO  09:45:17 GetClaimStatus Method Called
INFO  12:05:17 Application started. Press Ctrl+C to shut down.
INFO  12:05:17 Application started. Press Ctrl+C to shut down.
INFO  12:05:17 Hosting environment: Development
INFO  12:05:17 Hosting environment: Development
INFO  12:05:17 Content root path: C:\Training\MFPE\Claims-Management-System\ClaimManagementSystem-2\ClaimsMicroservice
INFO  12:05:17 Content root path: C:\Training\MFPE\Claims-Management-System\ClaimManagementSystem-2\ClaimsMicroservice
INFO  02:12:31 Application started. Press Ctrl+C to shut down.
INFO  02:12:31 Application started. Press Ctrl+C to shut down.
INFO  02:12:31 Hosting environment: Development
INFO  02:12:31 Hosting environment: Development
INFO  02:12:31 Content root path: C:\Training\MFPE\Claims-Management-System\ClaimManagementSystem-2\ClaimsMicroservice
INFO  02:12:31 Content root path: C:\Training\MFPE\Claims-Management-System\ClaimManagementSystem-2\ClaimsMicroservice
INFO  02:18:48 Application started. Press Ctrl+C to shut down.
INFO  02:18:48 Application started. Press Ctrl+C to shut down.
INFO  02:18:48 Hosting environment: Development
INFO  02:18:48 Hosting environment: Development
INFO  02:18:48 Content root path: C:\Training\MFPE\Claims-Management-System\ClaimManagementSystem-2\ClaimsMicroservice
INFO  02:18:48 Content root path: C:\Training\MFPE\Claims-Management-System\ClaimManagementSystem-2\ClaimsMicroservice
INFO  02:19:42 Application started. Press Ctrl+C to shut down.
INFO  02:19:42 Application started. Press Ctrl+C to shut down.
INFO  02:19:42 Hosting environment: Development
INFO  02:19:42 Hosting environment: Development
INFO  02:19:42 Content root path: C:\Training\MFPE\Claims-Management-System\ClaimManagementSystem-2\ClaimsMicroservice
INFO  02:19:42 Content root path: C:\Training\MFPE\Claims-Management-System\ClaimManagementSystem-2\ClaimsMicroservice
INFO  02:20:48 Application started. Press Ctrl+C to shut down.
INFO  02:20:48 Application started. Press Ctrl+C to shut down.
INFO  02:20:48 Hosting environment: Development
INFO  02:20:48 Hosting environment: Development
INFO  02:20:48 Content root path: C:\Training\MFPE\Claims-Management-System\ClaimManagementSystem-2\ClaimsMicroservice
INFO  02:20:48 Content root path: C:\Training\MFPE\Claims-Management-System\ClaimManagementSystem-2\ClaimsMicroservice
INFO  02:21:46 GetClaimStatus Method Called
INFO  03:24:07 Application started. Press Ctrl+C to shut down.
INFO  03:24:07 Application started. Press Ctrl+C to shut down.
INFO  03:24:07 Hosting environment: Development
INFO  03:24:07 Hosting environment: Development
INFO  03:24:07 Content root path: C:\Training\MFPE\Claims-Management-System\ClaimManagementSystem-2\ClaimsMicroservice
INFO  03:24:07 Content root path: C:\Training\MFPE\Claims-Management-System\ClaimManagementSystem-2\ClaimsMicroservice
INFO  03:39:37 GetClaimStatus Method Called
INFO  03:50:15 GetClaimStatus Method Called
INFO  04:03:46 Application started. Press Ctrl+C to shut down.
INFO  04:03:46 Application started. Press Ctrl+C to shut down.
INFO  04:03:46 Hosting environment: Development
INFO  04:03:46 Hosting environment: Development
INFO  04:03:46 Content root path: C:\Training\MFPE\Claims-Management-System\ClaimManagementSystem-2\ClaimsMicroservice
INFO  04:03:46 Content root path: C:\Training\MFPE\Claims-Management-System\ClaimManagementSystem-2\ClaimsMicroservice
INFO  04:47:17 Application started. Press Ctrl+C to shut down.
INFO  04:47:17 Application started. Press Ctrl+C to shut down.
INFO  04:47:17 Hosting environment: Development
INFO  04:47:17 Hosting environment: Development
INFO  04:47:17 Content root path: C:\Training\MFPE\Claims-Management-System\ClaimManagementSystem-2\ClaimsMicroservice
INFO  04:47:17 Content root path: C:\Training\MFPE\Claims-Management-System\ClaimManagementSystem-2\ClaimsMicroservice
INFO  04:48:14 GetClaimStatus Method Called
INFO  04:48:18 GetClaimStatus Method Called
INFO  04:48:27 GetClaimStatus Method Called
INFO  04:49:21 Application started. Press Ctrl+C to shut down.
INFO  04:49:21 Application started. Press Ctrl+C to shut down.
INFO  04:49:21 Hosting environment: Development
INFO  04:49:21 Hosting environment: Development
INFO  04:49:21 Content root path: C:\Training\MFPE\Claims-Management-System\ClaimManagementSystem-2\ClaimsMicroservice
INFO  04:49:21 Content root path: C:\Training\MFPE\Claims-Management-System\ClaimManagementSystem-2\ClaimsMicroservice
INFO  04:58:04 Application started. Press Ctrl+C to shut down.
INFO  04:58:04 Application started. Press Ctrl+C to shut down.
INFO  04:58:04 Hosting environment: Development
INFO  04:58:04 Hosting environment: Development
INFO  04:58:04 Content root path: C:\Training\MFPE\Claims-Management-System\ClaimManagementSystem-2\ClaimsMicroservice
INFO  04:58:04 Content root path: C:\Training\MFPE\Claims-Management-System\ClaimManagementSystem-2\ClaimsMicroservice
INFO  04:58:27 GetClaimStatus Method Called
INFO  04:58:35 GetClaimStatus Method Called
INFO  05:02:18 Application started. Press Ctrl+C to shut down.
INFO  05:02:18 Application started. Press Ctrl+C to shut down.
INFO  05:02:18 Hosting environment: Development
INFO  05:02:18 Hosting environment: Development
INFO  05:02:18 Content root path: C:\Training\MFPE\Claims-Management-System\ClaimManagementSystem-2\ClaimsMicroservice
INFO  05:02:18 Content root path: C:\Training\MFPE\Claims-Management-System\ClaimManagementSystem-2\ClaimsMicroservice
INFO  10:22:11 Application started. Press Ctrl+C to shut down.
INFO  10:22:11 Application started. Press Ctrl+C to shut down.
INFO  10:22:11 Hosting environment: Development
INFO  10:22:11 Hosting environment: Development
INFO  10:22:11 Content root path: C:\Training\MFPE\Claims-Management-System\ClaimManagementSystem-2\ClaimsMicroservice
INFO  10:22:11 Content root path: C:\Training\MFPE\Claims-Management-System\ClaimManagementSystem-2\ClaimsMicroservice
INFO  10:36:07 Application started. Press Ctrl+C to shut down.
INFO  10:36:07 Application started. Press Ctrl+C to shut down.
INFO  10:36:07 Hosting environment: Development
INFO  10:36:07 Hosting environment: Development
INFO  10:36:07 Content root path: C:\Training\MFPE\Claims-Management-System\ClaimManagementSystem-2\ClaimsMicroservice
INFO  10:36:07 Content root path: C:\Training\MFPE\Claims-Management-System\ClaimManagementSystem-2\ClaimsMicroservice
INFO  03:53:07 Application started. Press Ctrl+C to shut down.
INFO  03:53:07 Application started. Press Ctrl+C to shut down.
INFO  03:53:07 Hosting environment: Development
INFO  03:53:08 Hosting environment: Development
INFO  03:53:08 Content root path: C:\Training\MFPE\Claims-Management-System\ClaimManagementSystem-2\ClaimsMicroservice
INFO  03:53:08 Content root path: C:\Training\MFPE\Claims-Management-System\ClaimManagementSystem-2\ClaimsMicroservice
INFO  03:53:22 GetClaimStatus Method Called
INFO  03:53:32 GetClaimStatus Method Called
INFO  03:53:56 GetClaimStatus Method Called
INFO  03:58:20 Application started. Press Ctrl+C to shut down.
INFO  03:58:20 Application started. Press Ctrl+C to shut down.
INFO  03:58:20 Hosting environment: Development
INFO  03:58:20 Hosting environment: Development
INFO  03:58:20 Content root path: C:\Training\MFPE\Claims-Management-System\ClaimManagementSystem-2\ClaimsMicroservice
INFO  03:58:20 Content root path: C:\Training\MFPE\Claims-Management-System\ClaimManagementSystem-2\ClaimsMicroservice
INFO  03:58:38 GetClaimStatus Method Called
INFO  03:59:06 GetClaimStatus Method Called
INFO  03:59:20 GetClaimStatus Method Called
INFO  04:01:12 SubmitClaim Method Called
INFO  04:03:01 SubmitClaim Method Called
INFO  04:06:18 SubmitClaim Method Called
INFO  04:06:55 SubmitClaim Method Called
INFO  04:07:28 SubmitClaim Method Called
INFO  04:07:40 SubmitClaim Method Called
INFO  11:25:41 Application started. Press Ctrl+C to shut down.
INFO  11:25:41 Application started. Press Ctrl+C to shut down.
INFO  11:25:41 Hosting environment: Development
INFO  11:25:41 Hosting environment: Development
INFO  11:25:41 Content root path: C:\Training\MFPE\Claims-Management-System\ClaimManagementSystem-2\ClaimsMicroservice
INFO  11:25:41 Content root path: C:\Training\MFPE\Claims-Management-System\ClaimManagementSystem-2\ClaimsMicroservice
INFO  11:26:31 SubmitClaim Method Called
INFO  11:32:33 GetClaimStatus Method Called
INFO  11:32:39 GetClaimStatus Method Called
INFO  11:32:44 GetClaimStatus Method Called
INFO  11:33:09 GetClaimStatus Method Called
INFO  11:33:18 GetClaimStatus Method Called
INFO  11:36:17 SubmitClaim Method Called
INFO  11:37:08 GetClaimStatus Method Called
INFO  11:37:15 GetClaimStatus Method Called
INFO  11:37:21 GetClaimStatus Method Called
INFO  11:47:29 Application started. Press Ctrl+C to shut down.
INFO  11:47:29 Application started. Press Ctrl+C to shut down.
INFO  11:47:29 Hosting environment: Development
INFO  11:47:29 Hosting environment: Development
INFO  11:47:29 Content root path: C:\Training\MFPE\Claims-Management-System\ClaimManagementSystem-2\ClaimsMicroservice
INFO  11:47:29 Content root path: C:\Training\MFPE\Claims-Management-System\ClaimManagementSystem-2\ClaimsMicroservice
INFO  11:47:59 SubmitClaim Method Called
INFO  11:49:23 SubmitClaim Method Called
INFO  11:50:07 SubmitClaim Method Called
INFO  11:51:24 GetClaimStatus Method Called
INFO  11:51:30 GetClaimStatus Method Called
INFO  11:51:35 GetClaimStatus Method Called
INFO  10:15:57 Application started. Press Ctrl+C to shut down.
INFO  10:15:57 Application started. Press Ctrl+C to shut down.
INFO  10:15:57 Hosting environment: Development
INFO  10:15:57 Hosting environment: Development
INFO  10:15:57 Content root path: C:\Training\MFPE\Claims-Management-System\ClaimManagementSystem-2\ClaimsMicroservice
INFO  10:15:57 Content root path: C:\Training\MFPE\Claims-Management-System\ClaimManagementSystem-2\ClaimsMicroservice
INFO  10:16:14 GetClaimStatus Method Called
INFO  10:16:54 GetClaimStatus Method Called
INFO  10:17:07 GetClaimStatus Method Called
INFO  10:17:36 GetClaimStatus Method Called
INFO  10:17:43 GetClaimStatus Method Called
INFO  10:27:05 GetClaimStatus Method Called
INFO  10:27:47 GetClaimStatus Method Called
INFO  10:35:41 SubmitClaim Method Called
INFO  10:36:17 SubmitClaim Method Called
INFO  10:40:39 GetClaimStatus Method Called
INFO  10:40:45 GetClaimStatus Method Called
INFO  10:41:02 GetClaimStatus Method Called
INFO  10:41:08 GetClaimStatus Method Called
INFO  10:50:30 Application started. Press Ctrl+C to shut down.
INFO  10:50:30 Application started. Press Ctrl+C to shut down.
INFO  10:50:30 Hosting environment: Development
INFO  10:50:30 Hosting environment: Development
INFO  10:50:30 Content root path: C:\Users\2085836\Downloads\ClaimsMicroservice\ClaimsMicroservice
INFO  10:50:30 Content root path: C:\Users\2085836\Downloads\ClaimsMicroservice\ClaimsMicroservice
INFO  10:51:12 GetClaimStatus Method Called
INFO  10:51:29 GetClaimStatus Method Called
INFO  10:52:23 GetClaimStatus Method Called
INFO  10:53:21 GetClaimStatus Method Called
INFO  11:14:46 Application started. Press Ctrl+C to shut down.
INFO  11:14:46 Application started. Press Ctrl+C to shut down.
INFO  11:14:46 Hosting environment: Development
INFO  11:14:46 Hosting environment: Development
INFO  11:14:46 Content root path: C:\Users\2085836\OneDrive - Cognizant\Desktop\Azure\ClaimManagementSystem-2\ClaimsMicroservice
INFO  11:14:46 Content root path: C:\Users\2085836\OneDrive - Cognizant\Desktop\Azure\ClaimManagementSystem-2\ClaimsMicroservice
INFO  11:20:22 SubmitClaim Method Called
INFO  11:21:13 SubmitClaim Method Called
INFO  11:22:52 GetClaimStatus Method Called
INFO  11:23:13 GetClaimStatus Method Called
INFO  11:23:29 GetClaimStatus Method Called
INFO  11:25:46 GetClaimStatus Method Called
INFO  02:18:38 Application started. Press Ctrl+C to shut down.
INFO  02:18:38 Application started. Press Ctrl+C to shut down.
INFO  02:18:38 Hosting environment: Development
INFO  02:18:38 Hosting environment: Development
INFO  02:18:38 Content root path: C:\Users\2085836\OneDrive - Cognizant\Desktop\Azure\ClaimManagementSystem-2\ClaimsMicroservice
INFO  02:18:38 Content root path: C:\Users\2085836\OneDrive - Cognizant\Desktop\Azure\ClaimManagementSystem-2\ClaimsMicroservice
INFO  02:20:51 SubmitClaim Method Called
INFO  02:21:34 SubmitClaim Method Called
INFO  02:23:34 SubmitClaim Method Called
ERROR 02:24:53 An unhandled exception has occurred while executing the request.
System.Text.Json.JsonException: A possible object cycle was detected which is not supported. This can either be due to a cycle or if the object depth is larger than the maximum allowed depth of 32.
   at System.Text.Json.ThrowHelper.ThrowInvalidOperationException_SerializerCycleDetected(Int32 maxDepth)
   at System.Text.Json.JsonSerializer.Write(Utf8JsonWriter writer, Int32 originalWriterDepth, Int32 flushThreshold, JsonSerializerOptions options, WriteStack& state)
   at System.Text.Json.JsonSerializer.WriteAsyncCore(Stream utf8Json, Object value, Type inputType, JsonSerializerOptions options, CancellationToken cancellationToken)
   at Microsoft.AspNetCore.Mvc.Formatters.SystemTextJsonOutputFormatter.WriteResponseBodyAsync(OutputFormatterWriteContext context, Encoding selectedEncoding)
   at Microsoft.AspNetCore.Mvc.Formatters.SystemTextJsonOutputFormatter.WriteResponseBodyAsync(OutputFormatterWriteContext context, Encoding selectedEncoding)
   at Microsoft.AspNetCore.Mvc.Infrastructure.ResourceInvoker.<InvokeNextResultFilterAsync>g__Awaited|29_0[TFilter,TFilterAsync](ResourceInvoker invoker, Task lastTask, State next, Scope scope, Object state, Boolean isCompleted)
   at Microsoft.AspNetCore.Mvc.Infrastructure.ResourceInvoker.Rethrow(ResultExecutedContextSealed context)
   at Microsoft.AspNetCore.Mvc.Infrastructure.ResourceInvoker.ResultNext[TFilter,TFilterAsync](State& next, Scope& scope, Object& state, Boolean& isCompleted)
   at Microsoft.AspNetCore.Mvc.Infrastructure.ResourceInvoker.InvokeResultFilters()
--- End of stack trace from previous location where exception was thrown ---
   at Microsoft.AspNetCore.Mvc.Infrastructure.ResourceInvoker.<InvokeFilterPipelineAsync>g__Awaited|19_0(ResourceInvoker invoker, Task lastTask, State next, Scope scope, Object state, Boolean isCompleted)
   at Microsoft.AspNetCore.Mvc.Infrastructure.ResourceInvoker.<InvokeAsync>g__Awaited|17_0(ResourceInvoker invoker, Task task, IDisposable scope)
   at Microsoft.AspNetCore.Routing.EndpointMiddleware.<Invoke>g__AwaitRequestTask|6_0(Endpoint endpoint, Task requestTask, ILogger logger)
   at Microsoft.AspNetCore.Authorization.AuthorizationMiddleware.Invoke(HttpContext context)
   at Swashbuckle.AspNetCore.SwaggerUI.SwaggerUIMiddleware.Invoke(HttpContext httpContext)
   at Swashbuckle.AspNetCore.Swagger.SwaggerMiddleware.Invoke(HttpContext httpContext, ISwaggerProvider swaggerProvider)
   at Microsoft.AspNetCore.Diagnostics.DeveloperExceptionPageMiddleware.Invoke(HttpContext context)
ERROR 02:24:53 An unhandled exception has occurred while executing the request.
System.Text.Json.JsonException: A possible object cycle was detected which is not supported. This can either be due to a cycle or if the object depth is larger than the maximum allowed depth of 32.
   at System.Text.Json.ThrowHelper.ThrowInvalidOperationException_SerializerCycleDetected(Int32 maxDepth)
   at System.Text.Json.JsonSerializer.Write(Utf8JsonWriter writer, Int32 originalWriterDepth, Int32 flushThreshold, JsonSerializerOptions options, WriteStack& state)
   at System.Text.Json.JsonSerializer.WriteAsyncCore(Stream utf8Json, Object value, Type inputType, JsonSerializerOptions options, CancellationToken cancellationToken)
   at Microsoft.AspNetCore.Mvc.Formatters.SystemTextJsonOutputFormatter.WriteResponseBodyAsync(OutputFormatterWriteContext context, Encoding selectedEncoding)
   at Microsoft.AspNetCore.Mvc.Formatters.SystemTextJsonOutputFormatter.WriteResponseBodyAsync(OutputFormatterWriteContext context, Encoding selectedEncoding)
   at Microsoft.AspNetCore.Mvc.Infrastructure.ResourceInvoker.<InvokeNextResultFilterAsync>g__Awaited|29_0[TFilter,TFilterAsync](ResourceInvoker invoker, Task lastTask, State next, Scope scope, Object state, Boolean isCompleted)
   at Microsoft.AspNetCore.Mvc.Infrastructure.ResourceInvoker.Rethrow(ResultExecutedContextSealed context)
   at Microsoft.AspNetCore.Mvc.Infrastructure.ResourceInvoker.ResultNext[TFilter,TFilterAsync](State& next, Scope& scope, Object& state, Boolean& isCompleted)
   at Microsoft.AspNetCore.Mvc.Infrastructure.ResourceInvoker.InvokeResultFilters()
--- End of stack trace from previous location where exception was thrown ---
   at Microsoft.AspNetCore.Mvc.Infrastructure.ResourceInvoker.<InvokeFilterPipelineAsync>g__Awaited|19_0(ResourceInvoker invoker, Task lastTask, State next, Scope scope, Object state, Boolean isCompleted)
   at Microsoft.AspNetCore.Mvc.Infrastructure.ResourceInvoker.<InvokeAsync>g__Awaited|17_0(ResourceInvoker invoker, Task task, IDisposable scope)
   at Microsoft.AspNetCore.Routing.EndpointMiddleware.<Invoke>g__AwaitRequestTask|6_0(Endpoint endpoint, Task requestTask, ILogger logger)
   at Microsoft.AspNetCore.Authorization.AuthorizationMiddleware.Invoke(HttpContext context)
   at Swashbuckle.AspNetCore.SwaggerUI.SwaggerUIMiddleware.Invoke(HttpContext httpContext)
   at Swashbuckle.AspNetCore.Swagger.SwaggerMiddleware.Invoke(HttpContext httpContext, ISwaggerProvider swaggerProvider)
   at Microsoft.AspNetCore.Diagnostics.DeveloperExceptionPageMiddleware.Invoke(HttpContext context)
INFO  02:33:36 Application started. Press Ctrl+C to shut down.
INFO  02:33:36 Application started. Press Ctrl+C to shut down.
INFO  02:33:36 Hosting environment: Development
INFO  02:33:36 Hosting environment: Development
INFO  02:33:36 Content root path: C:\Users\2085836\OneDrive - Cognizant\Desktop\Azure\ClaimManagementSystem-2\ClaimsMicroservice
INFO  02:33:36 Content root path: C:\Users\2085836\OneDrive - Cognizant\Desktop\Azure\ClaimManagementSystem-2\ClaimsMicroservice
INFO  02:34:19 SubmitClaim Method Called
INFO  02:34:52 SubmitClaim Method Called
INFO  02:34:54 SubmitClaim Method Called
INFO  02:39:10 Application started. Press Ctrl+C to shut down.
INFO  02:39:10 Application started. Press Ctrl+C to shut down.
INFO  02:39:10 Hosting environment: Development
INFO  02:39:10 Hosting environment: Development
INFO  02:39:10 Content root path: C:\Users\2085836\OneDrive - Cognizant\Desktop\Azure\ClaimManagementSystem-2\ClaimsMicroservice
INFO  02:39:10 Content root path: C:\Users\2085836\OneDrive - Cognizant\Desktop\Azure\ClaimManagementSystem-2\ClaimsMicroservice
INFO  02:39:42 SubmitClaim Method Called
INFO  02:39:55 SubmitClaim Method Called
INFO  03:02:09 Application started. Press Ctrl+C to shut down.
INFO  03:02:09 Application started. Press Ctrl+C to shut down.
INFO  03:02:09 Hosting environment: Development
INFO  03:02:09 Hosting environment: Development
INFO  03:02:09 Content root path: C:\Users\2085836\OneDrive - Cognizant\Desktop\Azure\ClaimManagementSystem-2\ClaimsMicroservice
INFO  03:02:09 Content root path: C:\Users\2085836\OneDrive - Cognizant\Desktop\Azure\ClaimManagementSystem-2\ClaimsMicroservice
INFO  03:02:27 GetClaimStatus Method Called
INFO  03:02:34 GetClaimStatus Method Called
INFO  03:02:41 GetClaimStatus Method Called
INFO  03:03:56 Application started. Press Ctrl+C to shut down.
INFO  03:03:56 Application started. Press Ctrl+C to shut down.
INFO  03:03:56 Hosting environment: Development
INFO  03:03:56 Hosting environment: Development
INFO  03:03:56 Content root path: C:\Users\2085836\OneDrive - Cognizant\Desktop\Azure\ClaimManagementSystem-2\ClaimsMicroservice
INFO  03:03:56 Content root path: C:\Users\2085836\OneDrive - Cognizant\Desktop\Azure\ClaimManagementSystem-2\ClaimsMicroservice
INFO  03:04:26 GetClaimStatus Method Called
INFO  03:04:41 GetClaimStatus Method Called
INFO  03:05:00 GetClaimStatus Method Called
INFO  03:05:14 GetClaimStatus Method Called
INFO  03:06:03 GetClaimStatus Method Called
INFO  03:06:25 GetClaimStatus Method Called
INFO  03:19:42 Application started. Press Ctrl+C to shut down.
INFO  03:19:42 Application started. Press Ctrl+C to shut down.
INFO  03:19:42 Hosting environment: Development
INFO  03:19:42 Hosting environment: Development
INFO  03:19:42 Content root path: C:\Users\2085836\OneDrive - Cognizant\Desktop\Azure\ClaimManagementSystem-2\ClaimsMicroservice
INFO  03:19:42 Content root path: C:\Users\2085836\OneDrive - Cognizant\Desktop\Azure\ClaimManagementSystem-2\ClaimsMicroservice
INFO  03:24:37 SubmitClaim Method Called
INFO  03:25:20 SubmitClaim Method Called
INFO  03:26:26 SubmitClaim Method Called
ERROR 03:33:12 An unhandled exception has occurred while executing the request.
System.Text.Json.JsonException: A possible object cycle was detected which is not supported. This can either be due to a cycle or if the object depth is larger than the maximum allowed depth of 32.
   at System.Text.Json.ThrowHelper.ThrowInvalidOperationException_SerializerCycleDetected(Int32 maxDepth)
   at System.Text.Json.JsonSerializer.Write(Utf8JsonWriter writer, Int32 originalWriterDepth, Int32 flushThreshold, JsonSerializerOptions options, WriteStack& state)
   at System.Text.Json.JsonSerializer.WriteAsyncCore(Stream utf8Json, Object value, Type inputType, JsonSerializerOptions options, CancellationToken cancellationToken)
   at Microsoft.AspNetCore.Mvc.Formatters.SystemTextJsonOutputFormatter.WriteResponseBodyAsync(OutputFormatterWriteContext context, Encoding selectedEncoding)
   at Microsoft.AspNetCore.Mvc.Formatters.SystemTextJsonOutputFormatter.WriteResponseBodyAsync(OutputFormatterWriteContext context, Encoding selectedEncoding)
   at Microsoft.AspNetCore.Mvc.Infrastructure.ResourceInvoker.<InvokeNextResultFilterAsync>g__Awaited|29_0[TFilter,TFilterAsync](ResourceInvoker invoker, Task lastTask, State next, Scope scope, Object state, Boolean isCompleted)
   at Microsoft.AspNetCore.Mvc.Infrastructure.ResourceInvoker.Rethrow(ResultExecutedContextSealed context)
   at Microsoft.AspNetCore.Mvc.Infrastructure.ResourceInvoker.ResultNext[TFilter,TFilterAsync](State& next, Scope& scope, Object& state, Boolean& isCompleted)
   at Microsoft.AspNetCore.Mvc.Infrastructure.ResourceInvoker.InvokeResultFilters()
--- End of stack trace from previous location where exception was thrown ---
   at Microsoft.AspNetCore.Mvc.Infrastructure.ResourceInvoker.<InvokeFilterPipelineAsync>g__Awaited|19_0(ResourceInvoker invoker, Task lastTask, State next, Scope scope, Object state, Boolean isCompleted)
   at Microsoft.AspNetCore.Mvc.Infrastructure.ResourceInvoker.<InvokeAsync>g__Awaited|17_0(ResourceInvoker invoker, Task task, IDisposable scope)
   at Microsoft.AspNetCore.Routing.EndpointMiddleware.<Invoke>g__AwaitRequestTask|6_0(Endpoint endpoint, Task requestTask, ILogger logger)
   at Microsoft.AspNetCore.Authorization.AuthorizationMiddleware.Invoke(HttpContext context)
   at Swashbuckle.AspNetCore.SwaggerUI.SwaggerUIMiddleware.Invoke(HttpContext httpContext)
   at Swashbuckle.AspNetCore.Swagger.SwaggerMiddleware.Invoke(HttpContext httpContext, ISwaggerProvider swaggerProvider)
   at Microsoft.AspNetCore.Diagnostics.DeveloperExceptionPageMiddleware.Invoke(HttpContext context)
ERROR 03:33:12 An unhandled exception has occurred while executing the request.
System.Text.Json.JsonException: A possible object cycle was detected which is not supported. This can either be due to a cycle or if the object depth is larger than the maximum allowed depth of 32.
   at System.Text.Json.ThrowHelper.ThrowInvalidOperationException_SerializerCycleDetected(Int32 maxDepth)
   at System.Text.Json.JsonSerializer.Write(Utf8JsonWriter writer, Int32 originalWriterDepth, Int32 flushThreshold, JsonSerializerOptions options, WriteStack& state)
   at System.Text.Json.JsonSerializer.WriteAsyncCore(Stream utf8Json, Object value, Type inputType, JsonSerializerOptions options, CancellationToken cancellationToken)
   at Microsoft.AspNetCore.Mvc.Formatters.SystemTextJsonOutputFormatter.WriteResponseBodyAsync(OutputFormatterWriteContext context, Encoding selectedEncoding)
   at Microsoft.AspNetCore.Mvc.Formatters.SystemTextJsonOutputFormatter.WriteResponseBodyAsync(OutputFormatterWriteContext context, Encoding selectedEncoding)
   at Microsoft.AspNetCore.Mvc.Infrastructure.ResourceInvoker.<InvokeNextResultFilterAsync>g__Awaited|29_0[TFilter,TFilterAsync](ResourceInvoker invoker, Task lastTask, State next, Scope scope, Object state, Boolean isCompleted)
   at Microsoft.AspNetCore.Mvc.Infrastructure.ResourceInvoker.Rethrow(ResultExecutedContextSealed context)
   at Microsoft.AspNetCore.Mvc.Infrastructure.ResourceInvoker.ResultNext[TFilter,TFilterAsync](State& next, Scope& scope, Object& state, Boolean& isCompleted)
   at Microsoft.AspNetCore.Mvc.Infrastructure.ResourceInvoker.InvokeResultFilters()
--- End of stack trace from previous location where exception was thrown ---
   at Microsoft.AspNetCore.Mvc.Infrastructure.ResourceInvoker.<InvokeFilterPipelineAsync>g__Awaited|19_0(ResourceInvoker invoker, Task lastTask, State next, Scope scope, Object state, Boolean isCompleted)
   at Microsoft.AspNetCore.Mvc.Infrastructure.ResourceInvoker.<InvokeAsync>g__Awaited|17_0(ResourceInvoker invoker, Task task, IDisposable scope)
   at Microsoft.AspNetCore.Routing.EndpointMiddleware.<Invoke>g__AwaitRequestTask|6_0(Endpoint endpoint, Task requestTask, ILogger logger)
   at Microsoft.AspNetCore.Authorization.AuthorizationMiddleware.Invoke(HttpContext context)
   at Swashbuckle.AspNetCore.SwaggerUI.SwaggerUIMiddleware.Invoke(HttpContext httpContext)
   at Swashbuckle.AspNetCore.Swagger.SwaggerMiddleware.Invoke(HttpContext httpContext, ISwaggerProvider swaggerProvider)
   at Microsoft.AspNetCore.Diagnostics.DeveloperExceptionPageMiddleware.Invoke(HttpContext context)
INFO  03:34:34 SubmitClaim Method Called
ERROR 03:34:40 An unhandled exception has occurred while executing the request.
System.Text.Json.JsonException: A possible object cycle was detected which is not supported. This can either be due to a cycle or if the object depth is larger than the maximum allowed depth of 32.
   at System.Text.Json.ThrowHelper.ThrowInvalidOperationException_SerializerCycleDetected(Int32 maxDepth)
   at System.Text.Json.JsonSerializer.Write(Utf8JsonWriter writer, Int32 originalWriterDepth, Int32 flushThreshold, JsonSerializerOptions options, WriteStack& state)
   at System.Text.Json.JsonSerializer.WriteAsyncCore(Stream utf8Json, Object value, Type inputType, JsonSerializerOptions options, CancellationToken cancellationToken)
   at Microsoft.AspNetCore.Mvc.Formatters.SystemTextJsonOutputFormatter.WriteResponseBodyAsync(OutputFormatterWriteContext context, Encoding selectedEncoding)
   at Microsoft.AspNetCore.Mvc.Formatters.SystemTextJsonOutputFormatter.WriteResponseBodyAsync(OutputFormatterWriteContext context, Encoding selectedEncoding)
   at Microsoft.AspNetCore.Mvc.Infrastructure.ResourceInvoker.<InvokeNextResultFilterAsync>g__Awaited|29_0[TFilter,TFilterAsync](ResourceInvoker invoker, Task lastTask, State next, Scope scope, Object state, Boolean isCompleted)
   at Microsoft.AspNetCore.Mvc.Infrastructure.ResourceInvoker.Rethrow(ResultExecutedContextSealed context)
   at Microsoft.AspNetCore.Mvc.Infrastructure.ResourceInvoker.ResultNext[TFilter,TFilterAsync](State& next, Scope& scope, Object& state, Boolean& isCompleted)
   at Microsoft.AspNetCore.Mvc.Infrastructure.ResourceInvoker.InvokeResultFilters()
--- End of stack trace from previous location where exception was thrown ---
   at Microsoft.AspNetCore.Mvc.Infrastructure.ResourceInvoker.<InvokeFilterPipelineAsync>g__Awaited|19_0(ResourceInvoker invoker, Task lastTask, State next, Scope scope, Object state, Boolean isCompleted)
   at Microsoft.AspNetCore.Mvc.Infrastructure.ResourceInvoker.<InvokeAsync>g__Awaited|17_0(ResourceInvoker invoker, Task task, IDisposable scope)
   at Microsoft.AspNetCore.Routing.EndpointMiddleware.<Invoke>g__AwaitRequestTask|6_0(Endpoint endpoint, Task requestTask, ILogger logger)
   at Microsoft.AspNetCore.Authorization.AuthorizationMiddleware.Invoke(HttpContext context)
   at Swashbuckle.AspNetCore.SwaggerUI.SwaggerUIMiddleware.Invoke(HttpContext httpContext)
   at Swashbuckle.AspNetCore.Swagger.SwaggerMiddleware.Invoke(HttpContext httpContext, ISwaggerProvider swaggerProvider)
   at Microsoft.AspNetCore.Diagnostics.DeveloperExceptionPageMiddleware.Invoke(HttpContext context)
ERROR 03:34:40 An unhandled exception has occurred while executing the request.
System.Text.Json.JsonException: A possible object cycle was detected which is not supported. This can either be due to a cycle or if the object depth is larger than the maximum allowed depth of 32.
   at System.Text.Json.ThrowHelper.ThrowInvalidOperationException_SerializerCycleDetected(Int32 maxDepth)
   at System.Text.Json.JsonSerializer.Write(Utf8JsonWriter writer, Int32 originalWriterDepth, Int32 flushThreshold, JsonSerializerOptions options, WriteStack& state)
   at System.Text.Json.JsonSerializer.WriteAsyncCore(Stream utf8Json, Object value, Type inputType, JsonSerializerOptions options, CancellationToken cancellationToken)
   at Microsoft.AspNetCore.Mvc.Formatters.SystemTextJsonOutputFormatter.WriteResponseBodyAsync(OutputFormatterWriteContext context, Encoding selectedEncoding)
   at Microsoft.AspNetCore.Mvc.Formatters.SystemTextJsonOutputFormatter.WriteResponseBodyAsync(OutputFormatterWriteContext context, Encoding selectedEncoding)
   at Microsoft.AspNetCore.Mvc.Infrastructure.ResourceInvoker.<InvokeNextResultFilterAsync>g__Awaited|29_0[TFilter,TFilterAsync](ResourceInvoker invoker, Task lastTask, State next, Scope scope, Object state, Boolean isCompleted)
   at Microsoft.AspNetCore.Mvc.Infrastructure.ResourceInvoker.Rethrow(ResultExecutedContextSealed context)
   at Microsoft.AspNetCore.Mvc.Infrastructure.ResourceInvoker.ResultNext[TFilter,TFilterAsync](State& next, Scope& scope, Object& state, Boolean& isCompleted)
   at Microsoft.AspNetCore.Mvc.Infrastructure.ResourceInvoker.InvokeResultFilters()
--- End of stack trace from previous location where exception was thrown ---
   at Microsoft.AspNetCore.Mvc.Infrastructure.ResourceInvoker.<InvokeFilterPipelineAsync>g__Awaited|19_0(ResourceInvoker invoker, Task lastTask, State next, Scope scope, Object state, Boolean isCompleted)
   at Microsoft.AspNetCore.Mvc.Infrastructure.ResourceInvoker.<InvokeAsync>g__Awaited|17_0(ResourceInvoker invoker, Task task, IDisposable scope)
   at Microsoft.AspNetCore.Routing.EndpointMiddleware.<Invoke>g__AwaitRequestTask|6_0(Endpoint endpoint, Task requestTask, ILogger logger)
   at Microsoft.AspNetCore.Authorization.AuthorizationMiddleware.Invoke(HttpContext context)
   at Swashbuckle.AspNetCore.SwaggerUI.SwaggerUIMiddleware.Invoke(HttpContext httpContext)
   at Swashbuckle.AspNetCore.Swagger.SwaggerMiddleware.Invoke(HttpContext httpContext, ISwaggerProvider swaggerProvider)
   at Microsoft.AspNetCore.Diagnostics.DeveloperExceptionPageMiddleware.Invoke(HttpContext context)
INFO  03:38:57 GetClaimStatus Method Called
INFO  03:39:49 GetClaimStatus Method Called
INFO  03:44:26 GetClaimStatus Method Called
INFO  03:44:56 GetClaimStatus Method Called
INFO  03:46:32 GetClaimStatus Method Called
INFO  03:55:03 Application started. Press Ctrl+C to shut down.
INFO  03:55:03 Application started. Press Ctrl+C to shut down.
INFO  03:55:03 Hosting environment: Development
INFO  03:55:03 Hosting environment: Development
INFO  03:55:03 Content root path: C:\Users\2085836\OneDrive - Cognizant\Desktop\Azure\ClaimManagementSystem-2\ClaimsMicroservice
INFO  03:55:03 Content root path: C:\Users\2085836\OneDrive - Cognizant\Desktop\Azure\ClaimManagementSystem-2\ClaimsMicroservice
INFO  03:55:42 SubmitClaim Method Called
INFO  03:56:16 Application started. Press Ctrl+C to shut down.
INFO  03:56:16 Application started. Press Ctrl+C to shut down.
INFO  03:56:16 Hosting environment: Development
INFO  03:56:16 Hosting environment: Development
INFO  03:56:16 Content root path: C:\Users\2085836\OneDrive - Cognizant\Desktop\Azure\ClaimManagementSystem-2\ClaimsMicroservice
INFO  03:56:16 Content root path: C:\Users\2085836\OneDrive - Cognizant\Desktop\Azure\ClaimManagementSystem-2\ClaimsMicroservice
INFO  03:57:05 SubmitClaim Method Called
INFO  03:58:06 SubmitClaim Method Called
INFO  03:59:29 GetClaimStatus Method Called
INFO  04:01:47 GetClaimStatus Method Called
INFO  10:17:31 Application started. Press Ctrl+C to shut down.
INFO  10:17:31 Application started. Press Ctrl+C to shut down.
INFO  10:17:31 Hosting environment: Development
INFO  10:17:31 Hosting environment: Development
INFO  10:17:31 Content root path: C:\Users\2085836\OneDrive - Cognizant\Desktop\Azure\ClaimManagementSystem-2\ClaimsMicroservice
INFO  10:17:31 Content root path: C:\Users\2085836\OneDrive - Cognizant\Desktop\Azure\ClaimManagementSystem-2\ClaimsMicroservice
INFO  10:21:28 SubmitClaim Method Called
INFO  10:21:36 SubmitClaim Method Called
INFO  10:23:59 GetClaimStatus Method Called
INFO  10:24:15 GetClaimStatus Method Called
INFO  10:24:42 GetClaimStatus Method Called
INFO  10:25:09 GetClaimStatus Method Called
INFO  10:33:33 Application started. Press Ctrl+C to shut down.
INFO  10:33:33 Application started. Press Ctrl+C to shut down.
INFO  10:33:33 Hosting environment: Development
INFO  10:33:33 Hosting environment: Development
INFO  10:33:33 Content root path: C:\Users\2085836\OneDrive - Cognizant\Desktop\Azure\ClaimManagementSystem-2\ClaimsMicroservice
INFO  10:33:33 Content root path: C:\Users\2085836\OneDrive - Cognizant\Desktop\Azure\ClaimManagementSystem-2\ClaimsMicroservice
INFO  10:35:04 SubmitClaim Method Called
INFO  10:35:42 SubmitClaim Method Called
INFO  10:36:52 GetClaimStatus Method Called
INFO  10:37:22 GetClaimStatus Method Called
INFO  10:37:40 GetClaimStatus Method Called
INFO  11:14:43 Application started. Press Ctrl+C to shut down.
INFO  11:14:43 Application started. Press Ctrl+C to shut down.
INFO  11:14:43 Hosting environment: Development
INFO  11:14:43 Hosting environment: Development
INFO  11:14:43 Content root path: C:\Users\2085836\OneDrive - Cognizant\Desktop\Azure\ClaimManagementSystem-2\ClaimsMicroservice
INFO  11:14:43 Content root path: C:\Users\2085836\OneDrive - Cognizant\Desktop\Azure\ClaimManagementSystem-2\ClaimsMicroservice
INFO  11:19:51 GetClaimStatus Method Called
INFO  11:25:44 GetClaimStatus Method Called
INFO  11:28:06 GetClaimStatus Method Called
INFO  11:29:49 GetClaimStatus Method Called
INFO  11:31:51 GetClaimStatus Method Called
INFO  11:33:01 GetClaimStatus Method Called
INFO  11:33:12 GetClaimStatus Method Called
INFO  11:33:55 GetClaimStatus Method Called
INFO  11:34:11 GetClaimStatus Method Called
INFO  11:34:24 GetClaimStatus Method Called
INFO  11:34:36 GetClaimStatus Method Called
INFO  11:47:00 Application started. Press Ctrl+C to shut down.
INFO  11:47:00 Application started. Press Ctrl+C to shut down.
INFO  11:47:00 Hosting environment: Development
INFO  11:47:00 Hosting environment: Development
INFO  11:47:00 Content root path: C:\Users\2085836\OneDrive - Cognizant\Desktop\Azure\ClaimManagementSystem-2\ClaimsMicroservice
INFO  11:47:00 Content root path: C:\Users\2085836\OneDrive - Cognizant\Desktop\Azure\ClaimManagementSystem-2\ClaimsMicroservice
INFO  11:47:29 GetClaimStatus Method Called
INFO  11:47:57 SubmitClaim Method Called
INFO  11:52:26 Application started. Press Ctrl+C to shut down.
INFO  11:52:26 Application started. Press Ctrl+C to shut down.
INFO  11:52:26 Hosting environment: Development
INFO  11:52:26 Hosting environment: Development
INFO  11:52:27 Content root path: C:\Users\2085836\OneDrive - Cognizant\Desktop\Azure\ClaimManagementSystem-2\ClaimsMicroservice
INFO  11:52:27 Content root path: C:\Users\2085836\OneDrive - Cognizant\Desktop\Azure\ClaimManagementSystem-2\ClaimsMicroservice
INFO  11:53:20 SubmitClaim Method Called
INFO  11:58:49 Application started. Press Ctrl+C to shut down.
INFO  11:58:49 Application started. Press Ctrl+C to shut down.
INFO  11:58:49 Hosting environment: Development
INFO  11:58:49 Hosting environment: Development
INFO  11:58:49 Content root path: C:\Users\2085836\OneDrive - Cognizant\Desktop\Azure\ClaimManagementSystem-2\ClaimsMicroservice
INFO  11:58:49 Content root path: C:\Users\2085836\OneDrive - Cognizant\Desktop\Azure\ClaimManagementSystem-2\ClaimsMicroservice
INFO  11:59:55 SubmitClaim Method Called
INFO  12:01:21 Application started. Press Ctrl+C to shut down.
INFO  12:01:21 Application started. Press Ctrl+C to shut down.
INFO  12:01:21 Hosting environment: Development
INFO  12:01:21 Hosting environment: Development
INFO  12:01:21 Content root path: C:\Users\2085836\OneDrive - Cognizant\Desktop\Azure\ClaimManagementSystem-2\ClaimsMicroservice
INFO  12:01:21 Content root path: C:\Users\2085836\OneDrive - Cognizant\Desktop\Azure\ClaimManagementSystem-2\ClaimsMicroservice
INFO  12:02:54 SubmitClaim Method Called
INFO  12:24:17 SubmitClaim Method Called
INFO  12:26:47 SubmitClaim Method Called
INFO  12:27:23 GetClaimStatus Method Called
INFO  12:27:31 GetClaimStatus Method Called
INFO  12:28:22 GetClaimStatus Method Called
INFO  12:34:46 SubmitClaim Method Called
INFO  12:39:35 SubmitClaim Method Called
INFO  01:08:16 SubmitClaim Method Called
INFO  01:09:30 GetClaimStatus Method Called
INFO  01:13:50 SubmitClaim Method Called
INFO  01:38:03 GetClaimStatus Method Called
INFO  01:38:40 GetClaimStatus Method Called
INFO  02:11:15 GetClaimStatus Method Called
INFO  04:05:40 Application started. Press Ctrl+C to shut down.
INFO  04:05:40 Application started. Press Ctrl+C to shut down.
INFO  04:05:40 Hosting environment: Development
INFO  04:05:40 Hosting environment: Development
INFO  04:05:40 Content root path: C:\Users\2085836\OneDrive - Cognizant\Desktop\Azure\ClaimManagementSystem-2\ClaimsMicroservice
INFO  04:05:40 Content root path: C:\Users\2085836\OneDrive - Cognizant\Desktop\Azure\ClaimManagementSystem-2\ClaimsMicroservice
INFO  04:06:11 GetClaimStatus Method Called
INFO  04:09:15 GetClaimStatus Method Called
